01754f4a-72ef-4a31-8142-8dd8b5f75712 root@02dffc3e4ac1:/github/workspace/templateflow timestamp=1630446753.390804s
01e9c6c7-5650-4631-884d-58d8228d228a oesteban@dendrite:~/datalad/templateflow timestamp=1583952094.47548s
03bc0cd5-8a38-47fc-98a0-3f5f58e94be3 runner@fv-az33:~/work/tpl-MNIPediatricAsym/tpl-MNIPediatricAsym/templateflow timestamp=1587667784.683974s
0405e73e-6bb5-4ee1-954a-d5ad472056db root@4bead4d63ecb:/github/workspace/templateflow timestamp=1648668631.499933s
05dfa999-38c6-4a64-97d4-4f9a49a9561d s3 timestamp=1648668753.38517s
064569ed-8cb3-4824-ac0d-dafe2efd2388 mathiasg@PSY-C02ZL00SLVDP.local:~/code/templateflow-data timestamp=1583985036.746171s
06b465e6-52fa-45e1-be3c-5791fbbd486e chris@framework:~/Projects/tmp/tpl-dhcpVol timestamp=1707944897.54105s
06e04cd1-2c49-4df7-9942-5b18b1c00fb6 runner@fv-az50:~/work/tpl-MNI152Lin/tpl-MNI152Lin/templateflow timestamp=1587662980.402228s
07309e56-f957-4ef6-a031-7d533951eaf5 root@9d61a36f758b:/github/workspace/templateflow timestamp=1675088659.175707s
09839794-5580-45d4-9d18-2dfd27b4cdba root@be82bd5e1d72:/github/workspace/templateflow timestamp=1639561559.507009s
0b7a2322-03d2-49e1-8171-d959fdb9ff63 oesteban@dendrite:~/datalad/templateflow timestamp=1629991822.717622s
0bdc07e1-d1a9-4590-ace4-69ff74475191 oesteban@dendrite:~/tmp/templateflow timestamp=1574707512.887871s
0e030eb0-356b-4bb9-a12c-796de4eb8071 root@1141a75fe17e:/github/workspace/templateflow timestamp=1648150903.520756s
0e1fce96-cd2d-4395-a0e6-e406b4bb6a6f root@9ecb46b66bc0:/github/workspace/templateflow timestamp=1675090072.652832s
0e4c57d4-4cbb-4de4-a6e6-ba1358f376d8 root@b040b8492d4b:/github/workspace/templateflow timestamp=1711457125.042133s
0f094783-6d42-400a-b4d3-8ece0f4bc3e1 root@a5fa1d3df57e:/github/workspace/templateflow timestamp=1754764796.527784s
0f0eb9f3-6988-4ab5-bbba-206ccae88a57 root@fca616d6f07a:/github/workspace/templateflow timestamp=1639296054.305228s
0f2916a4-655e-4218-9f26-19de8342bde1 onavg (OpenNeuro Average) surface template timestamp=1690971053.45676s
0f3bda7a-6995-4a45-a6ff-da809fbcdca9 root@66faaabd5d30:/github/workspace/templateflow timestamp=1648664770.250685s
1068ef8f-b1af-4231-8632-80183364d434 runner@fv-az50:~/work/tpl-MNI152NLin6Sym/tpl-MNI152NLin6Sym/templateflow timestamp=1587665437.425691s
12e74580-80b4-479d-80eb-47dcf7f6b69a runner@fv-az177-894:~/work/tpl-MNI152NLin6Sym/tpl-MNI152NLin6Sym/templateflow timestamp=1630424565.200483s
13386a0c-e8a2-4262-85bd-53b8e65d2c79 root@9e328040563d:/github/workspace/templateflow timestamp=1630534091.315196s
1356c999-069d-41c8-b4b2-88b27712cb4c root@09f1745fa0aa:/github/workspace/templateflow timestamp=1641833340.036165s
13c89e76-c2c0-4426-a842-94784a6a864b root@149843cce2d5:/github/workspace/templateflow timestamp=1630446776.879173s
14717a94-5ab7-4a27-a73c-bfc1f4d20825 root@28268818128a:/github/workspace/templateflow timestamp=1648675739.935144s
1527c634-5bd3-4752-9f79-ba31518ee644 root@b7b680c02411:/github/workspace/templateflow timestamp=1641324973.827391s
15e844f2-ccca-4698-a213-cf618b251c9d root@a557b4ba71b8:/github/workspace/templateflow timestamp=1630446828.036418s
16a88c7e-8d28-457c-9697-df2f51f83c01 root@5d73c4d43b54:/github/workspace/templateflow timestamp=1649972382.816855s
177ac781-e407-4efe-8e23-832b7c4d9642 root@f84d80a8167e:/github/workspace/templateflow timestamp=1710498121.327275s
19e23f99-a20a-42a5-8c87-6cf89edcd865 root@ba841aeed3da:/github/workspace/templateflow timestamp=1648141972.009248s
1ce67321-7df7-4997-9b0f-d63fa6090b03 root@2cf288d61498:/github/workspace/templateflow timestamp=1648200979.569456s
1ce8ebb4-5ff2-4088-a73e-e7d617eca89a root@822da29c2e74:/github/workspace/templateflow timestamp=1641325329.875881s
1d4e1fa0-25dd-43bb-bfc2-7e1a5c1918a6 git@df53749a86e7:/data/repos/templateflow/tpl-onavg.git timestamp=1690976949.529936474s
1e28488a-9afa-45b9-9201-b2ea2bd247e6 root@78d664e0233b:/github/workspace/templateflow timestamp=1641388482.274441s
1eb4b33b-14cc-46cf-ac38-4716b1298e99 root@89dd2753b427:/github/workspace/templateflow timestamp=1646385478.747657s
1f9f0f73-6892-4f40-b635-1f0d92cc3864 runner@fv-az32:~/work/tpl-fsaverage/tpl-fsaverage/templateflow timestamp=1587665375.898658s
200a18a6-53f7-412a-ab3e-8cbda4ea0743 public-s3 timestamp=1551480316.511820314s
211ec401-0614-455e-8f04-ceaf93eeef02 root@09cdc88743b8:/github/workspace/templateflow timestamp=1641753652.879923s
214b7a08-7a62-4914-9328-d340b40b8fca root@a24ef78cfdf4:/github/workspace/templateflow timestamp=1630529476.688071s
22021b8b-6277-4377-9e0c-cc1f52c551bb runner@fv-az50:~/work/tpl-PNC/tpl-PNC/templateflow timestamp=1587665387.850388s
22d963be-0663-40ed-b236-efc749efa9f3 root@c697b3aba1c9:/github/workspace/templateflow timestamp=1641325069.443921s
253fd5b4-ec7a-497a-b0df-c20b0dd20d2d root@23de80573064:/github/workspace/templateflow timestamp=1639568686.562547s
26184139-f81c-458a-a83d-ab6736356a89 root@b60206600668:/github/workspace/templateflow timestamp=1630534349.024695s
26738f1f-a309-4152-8ef9-6fd49ce3dc04 git@9dc0e01d07ca:/data/repos/templateflow/tpl-mni152nlin2009bsym.git timestamp=1648668022.538417822s
269ce1f7-e60c-4e27-be71-5638e9c0bcb4 root@6c7a8c350edd:/github/workspace/templateflow timestamp=1630502187.437954s
26d7b8dd-f2a2-4062-8e3f-fdbcdac0f88c root@2c27bc7a51d0:/github/workspace/templateflow timestamp=1707831811.781551s
2a46505b-155a-4629-b9be-301ff36fb61d runner@fv-az180-129:~/work/tpl-MNIInfant/tpl-MNIInfant/templateflow timestamp=1630012486.226069s
2c1e425b-a516-45e7-a202-4c93c9b528c7 root@da95f651bda9:/github/workspace/templateflow timestamp=1646385427.255251s
2e0b560f-3060-4e2c-95c7-239b76ba6086 root@a6ea4a443e47:/github/workspace/templateflow timestamp=1630446774.165861s
2f8fecb8-f2d2-47a9-be49-4f4a25be0fb6 onavg (OpenNeuro Average) surface template timestamp=1690975427.82761s
307718d7-0114-4430-b759-89c51bff09e2 oesteban@dendrite:~/templateflow timestamp=1641373117.779027s
31fadc8c-5f4f-42b2-b3a6-343e000f89ea root@d0ed18fd4b3a:/github/workspace/templateflow timestamp=1746215768.376704s
3560d77f-d16f-42b1-8034-96f4da3786d4 git@9dc0e01d07ca:/data/repos/templateflow/tpl-mni152nlin2009aasym.git timestamp=1648664664.643407045s
35c25f09-3ebc-4d44-9d28-b9e45457efb4 root@a246bc8ed1a9:/github/workspace/templateflow timestamp=1708108073.354832s
35d6c009-2ff6-4937-a214-2dfa4a846a1f ICBM 152 Nonlinear Asymmetrical template version 2009b timestamp=1648668641.1435s
383314ed-9b48-44c5-8dd6-61d85e8130f8 root@8b2c9c0b38de:/github/workspace/templateflow timestamp=1639524942.796936s
387937b4-234a-4182-b026-3f24aa44cbe6 root@c21b2335a067:/github/workspace/templateflow timestamp=1641327629.556276s
39905701-1971-49ed-ba10-1c4849102246 root@bc7eb8154fa5:/github/workspace/templateflow timestamp=1754675917.86815s
3ab79bb6-c372-40c9-b618-073d1d9e74af root@ca8b9cc8936f:/github/workspace/templateflow timestamp=1648200400.555301s
3b7cd122-ab37-4854-a006-98876bf8fe7a root@44da050e86bd:/github/workspace/templateflow timestamp=1641324813.094984s
3d82b038-eeb8-4a84-ac4b-3adf37a51b2b s3 timestamp=1648668141.960738s
3e6dd1bd-69b9-479f-beee-d3f3c31382e2 root@d0130b67db1e:/github/workspace/templateflow timestamp=1746560237.503062s
40543ad4-2f49-4e11-8264-589c826a7453 root@9c82f828b12d:/github/workspace/templateflow timestamp=1712988486.471438s
417daef7-d04b-4576-96f1-38b4bd09a3fb runner@fv-az50:~/work/tpl-MNI152NLin6Asym/tpl-MNI152NLin6Asym/templateflow timestamp=1587665491.803561s
4268a506-8f97-4f1b-967c-6367cd32bd24 runner@fv-az177-346:~/work/tpl-fsaverage/tpl-fsaverage/templateflow timestamp=1630012546.987345s
47e584a0-41f5-4a69-a2d8-103ee11eeb5d root@0b3ae572ff90:/github/workspace/templateflow timestamp=1641283569.323014s
4836ae96-5051-47ef-b400-1875c4603170 runner@fv-az167-7:~/work/tpl-MNI152NLin2009cSym/tpl-MNI152NLin2009cSym/templateflow timestamp=1630012462.723388s
4959e24b-7733-40fa-96af-92b82397f8f0 root@fd399729aaa3:/github/workspace/templateflow timestamp=1690975511.983746s
4af46a40-1eb3-4daa-ab72-6f959b1c9435 git@a1f644426f17:/data/repos/templateflow/tpl-dhcpvol.git timestamp=1707944077.007156659s
4afacc7c-69ce-4839-861b-cc31febb7d2d root@ea8523b2f553:/github/workspace/templateflow timestamp=1639295985.812102s
4e96976b-7340-4605-98f9-bdbb628f2d3d root@d26c5be23433:/github/workspace/templateflow timestamp=1648668798.682889s
503f8b26-b850-4d67-9bcd-d1365a4f553e root@95706f552166:/github/workspace/templateflow timestamp=1707765536.575861s
505d13e3-0b15-4d78-83aa-9ebd49b3f0b9 s3 timestamp=1707510959s
50d3b295-2f41-4cdd-9175-a4a62c5c7b37 root@d0a8669c2fe8:/github/workspace/templateflow timestamp=1648143607.306997s
52e70323-66a0-414f-9683-53c46c1d7239 root@0bcfcc3eb9ba:/github/workspace/templateflow timestamp=1707835711.428502s
534821fe-2e76-47fe-ad18-20ec60a09738 root@c7c43e216a62:/github/workspace/templateflow timestamp=1754672390.082332s
53cc586a-0d60-4e5c-9574-9e7e4b667775 root@5ce720f6edc4:/templateflow timestamp=1630441396.404094s
565d1b3c-1d12-48bd-99c9-be00a2d10bf9 root@668a6ffe1a39:/github/workspace/templateflow timestamp=1649974002.097456s
575be514-3a9b-45a3-afb6-99bdb3d71340 root@77746fdfe18c:/github/workspace/templateflow timestamp=1630503008.38235s
58d4eb91-b5b5-40e0-afb5-eb3c812ae408 root@48cdf4321035:/github/workspace/templateflow timestamp=1639569042.158696s
59f7d178-ec86-47c2-80d6-11e82177b786 root@c5b14eefe3ab:/github/workspace/templateflow timestamp=1630533354.393209s
5a0a6cec-9af1-4f4a-ad56-7d48a19ed2f3 root@d2445df58e5b:/github/workspace/templateflow timestamp=1630529756.095144s
5a260b8a-8e3c-4df3-a4b7-a5623404a332 root@1d0af23111f0:/github/workspace/templateflow timestamp=1641325422.690911s
5b1870f2-44e4-45b6-ba25-edcd2c6d1dde root@cf234a21f24d:/github/workspace/templateflow timestamp=1648506299.322762s
5b782e57-fd88-4e65-9985-c77f8a406840 root@979fcebdc29a:/github/workspace/templateflow timestamp=1641325272.601646s
5cde65ec-3185-44b9-a45e-509b20ac21c0 mathiasg@thebes:~/code/work/templateflow-data/tpl-dhcpAsym timestamp=1707509897s
5e078b77-9327-4db3-89be-186cf73dcaa6 root@9938ecf8221a:/github/workspace/templateflow timestamp=1648658693.811633s
5e16ed4c-8086-4ae9-b740-c1fb19fc565a oesteban@dendrite:~/templateflow timestamp=1546143263.707124989s
5e39e1cf-4a7c-40b0-a77e-527cb83cef14 runner@fv-az209-420:~/work/tpl-fsLR/tpl-fsLR/templateflow timestamp=1630012545.093829s
5f60e959-85b7-4e5e-9f08-25cc712824d9 ICBM 152 Nonlinear Symmetrical template version 2009a timestamp=1648665913.021247s
5f64a3c3-2a38-4dee-993c-94fce74846ed taylor@Taylors-MBP.lan:~/Desktop/dHCP-templates/templateflow timestamp=1707941888.827336s
5fa4fb67-4eed-49be-b2c1-d32c16842ee8 root@ecb4740b7a25:/github/workspace/templateflow timestamp=1641283484.222742s
5feb5a12-0f2e-4397-bea8-438c9e806143 runner@fv-az206-625:~/work/tpl-MNI152NLin2009cAsym/tpl-MNI152NLin2009cAsym/templateflow timestamp=1629991399.376454s
60c69b22-94b3-4952-ac0f-7595105c1a67 root@43d345b3e7d6:/github/workspace/templateflow timestamp=1641327334.395009s
61cfb0df-e968-4448-a135-256c98b2344b runner@fv-az121:~/work/tpl-MNI152Lin/tpl-MNI152Lin/templateflow timestamp=1587663976.168435s
64ec3fc6-f642-4d7b-a148-870ce7161d04 root@a89a31b55c21:/github/workspace/templateflow timestamp=1636840263.737621s
672797df-e736-4ddb-9f5d-9938311fec8f root@4f4c590c322f:/github/workspace/templateflow timestamp=1690971202.773525s
69be088a-27a4-496a-b526-2549da42ead0 root@82d03077579f:/github/workspace/templateflow timestamp=1641325193.63815s
6b245160-98cd-4941-9514-d5f1a0e40802 root@596903ce5786:/github/workspace/templateflow timestamp=1649365663.528477s
6da28ea4-8068-4341-8876-fa58862b6645 runner@fv-az76:~/work/tpl-MNI152Lin/tpl-MNI152Lin/templateflow timestamp=1587662107.356196s
70985de7-b6b4-4b00-ad3f-6e688811195c Spatially Unbiased Infratentorial Template (SUIT) timestamp=1712988488.695418s
746998d3-1190-4504-bc32-e083fd7539b0 root@2fac8fd882e1:/github/workspace/templateflow timestamp=1641295950.793863s
74c262a5-9207-42b9-9ce5-a3c3d724023f runner@fv-az133-408:~/work/tpl-MNIPediatricAsym/tpl-MNIPediatricAsym/templateflow timestamp=1630012479.399555s
755a867f-bf9f-4e4b-b015-29a01a7e9e84 root@0cb92b7fd72b:/github/workspace/templateflow timestamp=1648506237.69841s
75748708-8cf9-40b1-87af-ab833bdaaf9c runner@fv-az66:~/work/tpl-WHS/tpl-WHS/templateflow timestamp=1589308790.138438s
75b44c64-971b-4572-a115-661626a2385d root@d7de526f06e0:/github/workspace/templateflow timestamp=1707510498.646536s
76742e08-c33e-4cab-afa1-4d362a45ac41 root@b59e80a8a23f:/github/workspace/templateflow timestamp=1641325102.683126s
771d211e-1edd-43ff-9001-b13b6423dee1 runner@fv-az209-420:~/work/tpl-WHS/tpl-WHS/templateflow timestamp=1630012541.755371s
77acd455-2566-4d5f-9d38-42c5096b6faf root@bb59675a8f51:/github/workspace/templateflow timestamp=1690980333.338331s
78611f7c-c3b6-442b-ac68-eb5d032c284b root@42adc4e01802:/github/workspace/templateflow timestamp=1707835516.696097s
7868139b-9810-42fd-a8f4-0435f9be7377 runner@fv-az183-653:~/work/tpl-MNI152NLin6Asym/tpl-MNI152NLin6Asym/templateflow timestamp=1629986587.587158s
78939925-5460-4303-890b-f6b7c50ac3b0 root@30a9ef4d6fbb:/github/workspace/templateflow timestamp=1630446844.228953s
7bb9c847-9da1-4d68-887a-e529cc36f77d mathiasg@PSY-C02ZL00SLVDP.local:~/code/datalad/templateflow timestamp=1582837247.865297s
7caf45cd-2d2c-46ce-a089-3f3fd9f62333 root@f564b6122928:/github/workspace/templateflow timestamp=1630509229.022563s
7d0a4035-fa5f-412e-98e7-1e631053c4ec root@53122cc9a1d2:/github/workspace/templateflow timestamp=1648199533.824701s
7d3ecf40-158b-4178-8c85-f7babe356c6a git@9dc0e01d07ca:/data/repos/templateflow/tpl-mni152nlin2009asym.git timestamp=1648665922.56265177s
7d6e5689-6e39-4bf0-9a9d-b74be40d854a root@8476624095e2:/github/workspace/templateflow timestamp=1630516622.511047s
7fc31b9d-7e79-4f00-991c-ec9aea7df57f onavg (OpenNeuro Average) surface template timestamp=1690976939.748953s
808d8911-ed4b-42ce-9b2f-6eccf5ea5261 root@08a0080fc83f:/github/workspace/templateflow timestamp=1630445653.043s
85a4d397-7663-46ae-b5ed-46ac337a16d9 root@7b80bbd19ca1:/github/workspace/templateflow timestamp=1707945924.79171s
860c6afd-8fc0-4f39-93b4-5ad1ef2f7233 root@cbeb1260b352:/github/workspace/templateflow timestamp=1690969332.196846s
867ad126-5901-4fc1-b275-b499c4173549 root@8326e64c7356:/github/workspace/templateflow timestamp=1641324865.606845s
86900e68-2240-486d-9c74-f3133a0f07ef runner@fv-az180-129:~/work/tpl-OASIS30ANTs/tpl-OASIS30ANTs/templateflow timestamp=1630012506.162061s
8865c48c-f133-4991-91f1-47ea44e1e1ec root@af5999499a81:/github/workspace/templateflow timestamp=1630446766.097327s
89200cdd-60cf-4b3d-94e7-a168e6df75ed mathiasg@PSY-C02ZL00SLVDP.local:~/code/extra/templateflow timestamp=1574451371.912506s
8b32a6de-1b9a-4a61-87f4-fa59542ce463 root@835a09c97d6f:/github/workspace/templateflow timestamp=1630446813.34073s
8c729836-b67b-41c4-a548-9ff5b280486a runner@fv-az180-129:~/work/tpl-MNI152NLin6Sym/tpl-MNI152NLin6Sym/templateflow timestamp=1630012458.679862s
8cb63d75-3c8b-4889-9a6e-27241b78bfd1 git@8242caf9acd8:/data/repos/templateflow/tpl-mni152nlin2009basym.git timestamp=1648668650.646987409s
8cefb110-5c99-4144-bd44-056f10543bea root@93cbd7fc569a:/github/workspace/templateflow timestamp=1690970533.736311s
8da4232f-36bf-4aa9-ae20-d6355e3710f3 ICBM 152 Nonlinear Symmetrical template version 2009b timestamp=1648668011.773026s
8ecc7012-a931-4016-b445-0f09f3ac6a92 runner@fv-az121:~/work/tpl-MNI152NLin2009cAsym/tpl-MNI152NLin2009cAsym/templateflow timestamp=1587665472.897048s
900a4f76-396a-4d44-be6c-0c40c04bf6a2 root@df929a219300:/github/workspace/templateflow timestamp=1630446837.544377s
9310e0ab-4724-478c-9e81-f62727a74717 runner@fv-az32:~/work/tpl-MNI152NLin2009cSym/tpl-MNI152NLin2009cSym/templateflow timestamp=1587665455.017396s
941d1fd3-126e-4f3d-bf9e-8e80b46f6807 git@0f827bfc83f9:/data/repos/templateflow/tpl-dhcpasym.git timestamp=1707491430.259142301s
9701729f-7e38-464d-928e-61b24600ab10 git@0f827bfc83f9:/data/repos/templateflow/tpl-onavg.git timestamp=1690980176.640513054s
981c5c6b-4f3d-4b58-bd1f-421308bebf21 root@d92f5641679e:/github/workspace/templateflow timestamp=1630514709.148734s
9917dc08-ecc8-4bd6-b673-6ad0925259bb root@ceb2471ff3f7:/github/workspace/templateflow timestamp=1690977055.596586s
997ce40c-eec4-4f12-ae01-e13299bfa48f oesteban@oscars-MacBook-Pro.local:~/templateflow timestamp=1636828521.649346s
9a773928-28e4-457e-b9fe-d78165c8ca75 oesteban@dendrite:~/datalad/templateflow timestamp=1539664043.742292172s
9b2e0df4-034f-4084-adf0-46de46589b5e root@f2deee023c9c:/github/workspace/templateflow timestamp=1641327082.272371s
9e0b04d4-49a5-4492-94c5-eec1c9881345 root@7c32c0107d89:/github/workspace/templateflow timestamp=1648666013.242827s
9e41c876-2bf7-4bf1-bf43-73038c57dc22 root@c4fd1ab1a919:/github/workspace/templateflow timestamp=1646385495.132835s
9f919012-4b36-4137-a788-7b002a4288f7 s3 timestamp=1648665972.473252s
a06d0e39-40e2-414a-9ae8-963e35fa3e4f s3 timestamp=1712988524.482026s
a0a6be6b-6c2a-4d43-a9e0-c93b6575fee1 root@401e3069c956:/github/workspace/templateflow timestamp=1690976277.400161s
a0e1570b-e320-4ff2-8f54-3a5c1ddc786d runner@fv-az33:~/work/tpl-NKI/tpl-NKI/templateflow timestamp=1587665413.75102s
a398f362-58e1-4363-b545-71cc7b7d8b2e oesteban@dendrite:~/tmp/templateflow timestamp=1607453204.603954s
a3eabc44-8616-420b-898c-7446100affc7 root@a2c6789fb741:/github/workspace/templateflow timestamp=1641499175.336207s
a5026554-8aac-4a48-a62d-caf75dc6c7d0 root@f65650def686:/github/workspace/templateflow timestamp=1630446758.626349s
a896d2da-afc2-43a7-a38c-6ed07e51241c Developing Human Connectome Project cortical surface atlas (2018) timestamp=1707490838s
ac00c067-7e60-4eff-9643-cdf3a07aa502 root@7f24d57c4c8d:/github/workspace/templateflow timestamp=1639561466.193508s
b04980f8-4f12-4f5f-9938-1f5d05070d2b root@649ac281842f:/github/workspace/templateflow timestamp=1648665907.802307s
b09694cf-3ddb-4549-8b0a-94f18926c3df root@82c8cd03c285:/github/workspace/templateflow timestamp=1648202883.365857s
b1231acb-8e58-4206-889a-e02fe9b56ec0 root@c7838a3bb5b0:/github/workspace/templateflow timestamp=1630533658.10625s
b64b64cc-9c6b-4c74-b4f9-23a078f49f1e root@b174f72b9999:/github/workspace/templateflow timestamp=1641325024.260368s
b6f3314f-6efc-4a8a-9180-d7b56a5fabc5 runner@fv-az206-625:~/work/tpl-NKI/tpl-NKI/templateflow timestamp=1630012489.920803s
b8ecd54b-937a-4ee8-a146-3544420888ad root@9858affe580c:/github/workspace/templateflow timestamp=1754672150.165272s
b9492b14-f794-49f4-9350-9abb0cf706ce root@ea66be5ad8b6:/github/workspace/templateflow timestamp=1641328185.743806s
baab58b4-ba80-4f05-96ca-32a00a7a19c2 root@593c7f8a318d:/github/workspace/templateflow timestamp=1641895208.35734s
bc4b462d-e6f2-4d95-b16e-b5d268405af4 root@569b59b440b2:/github/workspace/templateflow timestamp=1641324940.666655s
bcce2e95-fd27-4e7b-ae92-68ddd1b11b4f root@e1a597db5557:/github/workspace/templateflow timestamp=1690970754.918155s
bce02119-7cdd-4d67-8a43-d4870f8e6b07 oesteban@oscars-MacBook-Pro.local:~/datalad/templateflow timestamp=1630446284.36471s
bf749232-7786-4c12-9da8-38304da49e78 ICBM 152 Nonlinear Asymmetrical template version 2009a timestamp=1648664655.305726s
c05eb928-118d-49f3-b714-5f1bcf51718c root@9b09e231295f:/github/workspace/templateflow timestamp=1641505192.833523s
c2d5a57c-7bf0-4f73-8226-83a261e80f66 root@2e3b1451d151:/github/workspace/templateflow timestamp=1746035860.874349s
c79dad66-e8b6-492a-a25d-d4ef25319f95 runner@fv-az167-7:~/work/tpl-PNC/tpl-PNC/templateflow timestamp=1630012519.558192s
c7b6c2b9-fc27-440a-9501-547f4983260e root@d223fb19c3df:/github/workspace/templateflow timestamp=1630446824.090976s
c940c9ec-caab-484b-8158-8926b46e0694 s3 timestamp=1707945715.856855s
c9fadbe5-da24-45c3-b13e-23327dd33b1b root@1f2a00cd7723:/github/workspace/templateflow timestamp=1648709168.714281s
ca93e41f-9c90-4c1d-974a-817fcafba701 root@52f40f7f28f5:/github/workspace/templateflow timestamp=1648706042.815532s
cbe60122-37d9-43bf-bad3-8c8c321b536f root@fcf36906c259:/github/workspace/templateflow timestamp=1639298744.225907s
cc0a457d-c7bb-454f-92e1-6c9973455656 root@88738760638a:/github/workspace/templateflow timestamp=1630503839.664697s
cc2a0eb1-128e-4b72-86d5-7e92240914c3 OpenNeuro Average (onavg) surface template timestamp=1690980166.106195s
ccfa4c80-fe57-4001-8b8f-d44bd5433bcf root@2397b13c2541:/github/workspace/templateflow timestamp=1711464323.372877s
cd357049-3d64-4af0-9e6d-08aad18e2f58 root@e031f808b145:/github/workspace/templateflow timestamp=1690976937.735322s
cebfc798-adc3-4c8c-b7e2-554d09b86c5f root@48c50c4043b8:/github/workspace/templateflow timestamp=1639298900.852897s
cf7f5e9d-24b7-4a58-94af-68b59278f5e5 root@0169459079e0:/github/workspace/templateflow timestamp=1630483288.154707s
d0a4870a-d806-451a-b9f9-20a49472fc66 root@e1746a3940cd:/github/workspace/templateflow timestamp=1630511420.543124s
d10016fd-b838-400a-9f3b-e1e45ffa68d8 root@5ef818c4528e:/github/workspace/templateflow timestamp=1630532168.155701s
d1018b71-ba6b-4ff5-b521-8084b2c0560f taylor@Taylors-MBP.lan:~/Desktop/dHCP-templates/tpl-dhcpVol timestamp=1707409360.391691s
d4d8c1f0-40af-49e2-b9b9-6f42e3ea3a88 root@1ce7eab8fb7b:/github/workspace/templateflow timestamp=1648668181.37905s
d5166693-4ec7-427d-9896-5d22b4497705 root@846bc07f0b4f:/github/workspace/templateflow timestamp=1648151187.000911s
d5cbad35-fabe-4b12-99cd-ea96130741bb root@37ae128c0545:/github/workspace/templateflow timestamp=1648664649.903027s
d8077409-4c71-4e4e-8d62-fb570cd94883 root@81e7bd358537:/github/workspace/templateflow timestamp=1630512648.969698s
d8301b39-8069-4eb0-b75b-cf7c59a0b185 root@59a3eda4fbe0:/github/workspace/templateflow timestamp=1641325383.914402s
d8dd3fbf-8101-48ce-8d6c-22c0a08063e0 runner@fv-az33:~/work/tpl-OASIS30ANTs/tpl-OASIS30ANTs/templateflow timestamp=1587665405.102025s
dba58d06-5a87-4029-a2bb-12c289c49bb5 root@de6bd98a9eb4:/github/workspace/templateflow timestamp=1707833002.859493s
ddb8d586-c880-44a9-8498-6bc22be38cb6 root@4fef3bf03597:/github/workspace/templateflow timestamp=1707770835.089237s
df86e714-e449-4381-91e2-d56e73ee9f31 root@330968f053bb:/github/workspace/templateflow timestamp=1641325146.709215s
e11a5fed-2d68-4468-83ea-6f959277d94b root@80ec9088f22a:/github/workspace/templateflow timestamp=1648143402.073398s
e186beda-44ed-42e6-9ad7-f0deffb55386 oesteban@dendrite:~/templateflow timestamp=1636834041.377836s
e299b0cb-6019-4c42-ac09-04010605d479 root@4b2e82c75c23:/github/workspace/templateflow timestamp=1675089454.312805s
e2f689ae-133b-43ea-91bc-c3c721ff7a20 root@c329a681d0e6:/github/workspace/templateflow timestamp=1648148713.814087s
e36fa84b-b22b-4a5d-934b-9d002c29a3f6 root@af9f28b0ccec:/github/workspace/templateflow timestamp=1641325230.914264s
e6119538-a775-4d2b-88c2-f696543d89ec runner@fv-az33:~/work/tpl-WHS/tpl-WHS/templateflow timestamp=1587665382.961976s
e682157a-344e-4c69-8ed6-0d8c8fd0de87 root@3d476dd1ebb9:/github/workspace/templateflow timestamp=1630510734.898533s
e6e7f276-d96b-41c4-bc74-f8a82f5f9ce8 root@8d48a2c5c42d:/github/workspace/templateflow timestamp=1690971050.95923s
e900a4bb-6d80-4398-8a6d-005f4e9f6ec1 root@1f7f3637ff1f:/github/workspace/templateflow timestamp=1707835666.012929s
e9c64a84-5729-4e3c-981f-5f7a73c6c14e oesteban@dendrite:~/datalad/templateflow timestamp=1583282194.074384s
ea2f899e-83ca-4107-84fe-23bc8abe0297 root@0d6c8ef478b5:/github/workspace/templateflow timestamp=1630505181.705044s
eb889bdd-bc97-4f9e-83f4-2765d3cf99e6 root@8b893b53cfc8:/github/workspace/templateflow timestamp=1713175028.829371s
ebb8a842-058f-48d7-b661-498ab69dc97a runner@fv-az78:~/work/tpl-MNI152Lin/tpl-MNI152Lin/templateflow timestamp=1587662509.502534s
ebff7e31-1679-4383-abbc-428f93777faa runner@fv-az209-420:~/work/tpl-Fischer344/tpl-Fischer344/templateflow timestamp=1630013243.477177s
ecb7f560-859b-4296-a32e-9dc69ac3d159 root@6239cbeb35a6:/github/workspace/templateflow timestamp=1641753754.846255s
ed7cca97-2c15-478f-a983-5707f795189a root@3eafe1d768a5:/github/workspace/templateflow timestamp=1650010979.380958s
ed97b3fe-5d93-49f9-99d2-449203cf90e2 root@673ccecd2f8f:/github/workspace/templateflow timestamp=1630446789.261466s
eef37a00-1492-4d5d-929e-9ef73bed361c root@33b9d868a7b1:/github/workspace/templateflow timestamp=1648751075.452132s
ef892352-bf7a-4a35-baf9-0c989434151d runner@fv-az78:~/work/tpl-MNIPediatricAsym/tpl-MNIPediatricAsym/templateflow timestamp=1587665426.238922s
f11c918d-42d0-4b25-94e2-2926dfb598ed root@e253ff5980ec:/github/workspace/templateflow timestamp=1648668002.02997s
f3334a79-3a4a-47b3-959e-dca873518175 git@0f827bfc83f9:/data/repos/templateflow/tpl-suit.git timestamp=1712988498.739643445s
f38683c7-9b2d-47b0-a21a-33b84d9366bb oesteban@oscars-MacBook-Pro.local:~/tmp/templateflow timestamp=1629966398.356222s
f442efd5-a175-4fcd-9326-cade62378486 git@a1f644426f17:/data/repos/tsalo/tpl-dhcpvol.git timestamp=1707410523.528208502s
f5512bed-ba85-4b97-b685-8278539cb585 Unbiased and temporally consistent morphological atlas of neonatal brain development timestamp=1707943110.285158s
f5c28a26-179a-430d-858a-4384b4c97124 chris@framework:/data/templateflow timestamp=1707507348.331216s
f6cb4d72-e2f7-46d7-ac92-76b3da9ee696 root@9c6277432cee:/github/workspace/templateflow timestamp=1712988569.56638s
f6dc3c29-b793-4adc-a871-d66825b2e844 root@409863878f3e:/github/workspace/templateflow timestamp=1690975425.602576s
f985e189-917e-48ea-9243-4b1f55559aab root@f5f3b0226e40:/github/workspace/templateflow timestamp=1630446798.531486s
f9dce5b7-a7f0-4f23-98d1-ad32b3e300d6 root@0c16c4ca723d:/github/workspace/templateflow timestamp=1648149562.375606s
fb4eff3e-d373-401f-81ac-85843604dcc3 root@a8db1e4fbe6d:/github/workspace/templateflow timestamp=1630446817.584051s
fbc31b61-c275-4c5b-a992-efb446e26b67 root@49d3fba57c71:/github/workspace/templateflow timestamp=1648704332.608908s
fd20929b-fcb3-426a-99a9-b0059f294e13 runner@fv-az183-653:~/work/tpl-MNI152Lin/tpl-MNI152Lin/templateflow timestamp=1630012433.015044s
ff7de140-8bfc-4f04-aaff-354ee38adda6 root@01fa06dadf86:/github/workspace/templateflow timestamp=1690980163.909272s
